ansible-client1 | SUCCESS => {
    "ansible_facts": {
        "ansible_all_ipv4_addresses": [
            "192.168.2.192"
        ], 
        "ansible_all_ipv6_addresses": [
            "fe80::25ea:46cd:3fff:cbb"
        ], 
        "ansible_apparmor": {
            "status": "disabled"
        }, 
        "ansible_architecture": "x86_64", 
        "ansible_bios_date": "04/05/2016", 
        "ansible_bios_version": "6.00", 
        "ansible_cmdline": {
            "BOOT_IMAGE": "/vmlinuz-3.10.0-1062.el7.x86_64", 
            "LANG": "en_US.UTF-8", 
            "crashkernel": "auto", 
            "quiet": true, 
            "rd.lvm.lv": "centos/swap", 
            "rhgb": true, 
            "ro": true, 
            "root": "/dev/mapper/centos-root"
        }, 
        "ansible_date_time": {
            "date": "2020-10-18", 
            "day": "18", 
            "epoch": "1603050411", 
            "hour": "15", 
            "iso8601": "2020-10-18T19:46:51Z", 
            "iso8601_basic": "20201018T154651512670", 
            "iso8601_basic_short": "20201018T154651", 
            "iso8601_micro": "2020-10-18T19:46:51.512919Z", 
            "minute": "46", 
            "month": "10", 
            "second": "51", 
            "time": "15:46:51", 
            "tz": "EDT", 
            "tz_offset": "-0400", 
            "weekday": "Sunday", 
            "weekday_number": "0", 
            "weeknumber": "41", 
            "year": "2020"
        }, 
        "ansible_default_ipv4": {
            "address": "192.168.2.192", 
            "alias": "ens192", 
            "broadcast": "192.168.2.255", 
            "gateway": "192.168.2.1", 
            "interface": "ens192", 
            "macaddress": "00:0c:29:ad:1a:25", 
            "mtu": 1500, 
            "netmask": "255.255.255.0", 
            "network": "192.168.2.0", 
            "type": "ether"
        }, 
        "ansible_default_ipv6": {}, 
        "ansible_device_links": {
            "ids": {
                "dm-0": [
                    "dm-name-centos-root", 
                    "dm-uuid-LVM-gjZKR8k1ryjmVUEJbavDAlzg55ZzfZFIIqRgnbvb2pEB4NxMtKADfNFeR4aMb6w0"
                ], 
                "dm-1": [
                    "dm-name-centos-swap", 
                    "dm-uuid-LVM-gjZKR8k1ryjmVUEJbavDAlzg55ZzfZFIO6FeAf4XteBV6mbyfIZS6HUsPiROqkWR"
                ], 
                "sda2": [
                    "lvm-pv-uuid-KT1FaC-zFqv-9QOo-hjjm-sGfr-X1ut-gWXlMt"
                ], 
                "sr0": [
                    "ata-VMware_Virtual_SATA_CDRW_Drive_00000000000000000001"
                ]
            }, 
            "labels": {}, 
            "masters": {
                "sda2": [
                    "dm-0", 
                    "dm-1"
                ]
            }, 
            "uuids": {
                "dm-0": [
                    "9364ceee-fb97-4ab5-8e6c-458039cf7e19"
                ], 
                "dm-1": [
                    "297c65b5-ef31-4c01-9406-f3a0af26bbd7"
                ], 
                "sda1": [
                    "10a8386c-6fd2-4303-936c-8c55f1a6bd73"
                ]
            }
        }, 
        "ansible_devices": {
            "dm-0": {
                "holders": [], 
                "host": "", 
                "links": {
                    "ids": [
                        "dm-name-centos-root", 
                        "dm-uuid-LVM-gjZKR8k1ryjmVUEJbavDAlzg55ZzfZFIIqRgnbvb2pEB4NxMtKADfNFeR4aMb6w0"
                    ], 
                    "labels": [], 
                    "masters": [], 
                    "uuids": [
                        "9364ceee-fb97-4ab5-8e6c-458039cf7e19"
                    ]
                }, 
                "model": null, 
                "partitions": {}, 
                "removable": "0", 
                "rotational": "1", 
                "sas_address": null, 
                "sas_device_handle": null, 
                "scheduler_mode": "", 
                "sectors": "28090368", 
                "sectorsize": "512", 
                "size": "13.39 GB", 
                "support_discard": "0", 
                "vendor": null, 
                "virtual": 1
            }, 
            "dm-1": {
                "holders": [], 
                "host": "", 
                "links": {
                    "ids": [
                        "dm-name-centos-swap", 
                        "dm-uuid-LVM-gjZKR8k1ryjmVUEJbavDAlzg55ZzfZFIO6FeAf4XteBV6mbyfIZS6HUsPiROqkWR"
                    ], 
                    "labels": [], 
                    "masters": [], 
                    "uuids": [
                        "297c65b5-ef31-4c01-9406-f3a0af26bbd7"
                    ]
                }, 
                "model": null, 
                "partitions": {}, 
                "removable": "0", 
                "rotational": "1", 
                "sas_address": null, 
                "sas_device_handle": null, 
                "scheduler_mode": "", 
                "sectors": "3358720", 
                "sectorsize": "512", 
                "size": "1.60 GB", 
                "support_discard": "0", 
                "vendor": null, 
                "virtual": 1
            }, 
            "sda": {
                "holders": [], 
                "host": "Serial Attached SCSI controller: VMware PVSCSI SCSI Controller (rev 02)", 
                "links": {
                    "ids": [], 
                    "labels": [], 
                    "masters": [], 
                    "uuids": []
                }, 
                "model": "Virtual disk", 
                "partitions": {
                    "sda1": {
                        "holders": [], 
                        "links": {
                            "ids": [], 
                            "labels": [], 
                            "masters": [], 
                            "uuids": [
                                "10a8386c-6fd2-4303-936c-8c55f1a6bd73"
                            ]
                        }, 
                        "sectors": "2097152", 
                        "sectorsize": 512, 
                        "size": "1.00 GB", 
                        "start": "2048", 
                        "uuid": "10a8386c-6fd2-4303-936c-8c55f1a6bd73"
                    }, 
                    "sda2": {
                        "holders": [
                            "centos-root", 
                            "centos-swap"
                        ], 
                        "links": {
                            "ids": [
                                "lvm-pv-uuid-KT1FaC-zFqv-9QOo-hjjm-sGfr-X1ut-gWXlMt"
                            ], 
                            "labels": [], 
                            "masters": [
                                "dm-0", 
                                "dm-1"
                            ], 
                            "uuids": []
                        }, 
                        "sectors": "31455232", 
                        "sectorsize": 512, 
                        "size": "15.00 GB", 
                        "start": "2099200", 
                        "uuid": null
                    }
                }, 
                "removable": "0", 
                "rotational": "1", 
                "sas_address": null, 
                "sas_device_handle": null, 
                "scheduler_mode": "deadline", 
                "sectors": "33554432", 
                "sectorsize": "512", 
                "size": "16.00 GB", 
                "support_discard": "0", 
                "vendor": "VMware", 
                "virtual": 1
            }, 
            "sr0": {
                "holders": [], 
                "host": "SATA controller: VMware SATA AHCI controller", 
                "links": {
                    "ids": [
                        "ata-VMware_Virtual_SATA_CDRW_Drive_00000000000000000001"
                    ], 
                    "labels": [], 
                    "masters": [], 
                    "uuids": []
                }, 
                "model": "VMware SATA CD00", 
                "partitions": {}, 
                "removable": "1", 
                "rotational": "1", 
                "sas_address": null, 
                "sas_device_handle": null, 
                "scheduler_mode": "deadline", 
                "sectors": "2097151", 
                "sectorsize": "512", 
                "size": "1024.00 MB", 
                "support_discard": "0", 
                "vendor": "NECVMWar", 
                "virtual": 1
            }
        }, 
        "ansible_distribution": "CentOS", 
        "ansible_distribution_file_parsed": true, 
        "ansible_distribution_file_path": "/etc/redhat-release", 
        "ansible_distribution_file_variety": "RedHat", 
        "ansible_distribution_major_version": "7", 
        "ansible_distribution_release": "Core", 
        "ansible_distribution_version": "7.7", 
        "ansible_dns": {
            "nameservers": [
                "192.168.2.52"
            ], 
            "search": [
                "telnetinfo.ca"
            ]
        }, 
        "ansible_domain": "telnetinfo.ca", 
        "ansible_effective_group_id": 4002, 
        "ansible_effective_user_id": 4002, 
        "ansible_ens192": {
            "active": true, 
            "device": "ens192", 
            "features": {
                "busy_poll": "off [fixed]", 
                "fcoe_mtu": "off [fixed]", 
                "generic_receive_offload": "on", 
                "generic_segmentation_offload": "on", 
                "highdma": "on", 
                "hw_tc_offload": "off [fixed]", 
                "l2_fwd_offload": "off [fixed]", 
                "large_receive_offload": "on", 
                "loopback": "off [fixed]", 
                "netns_local": "off [fixed]", 
                "ntuple_filters": "off [fixed]", 
                "receive_hashing": "on", 
                "rx_all": "off [fixed]", 
                "rx_checksumming": "on", 
                "rx_fcs": "off [fixed]", 
                "rx_gro_hw": "off [fixed]", 
                "rx_udp_tunnel_port_offload": "off [fixed]", 
                "rx_vlan_filter": "on [fixed]", 
                "rx_vlan_offload": "on", 
                "rx_vlan_stag_filter": "off [fixed]", 
                "rx_vlan_stag_hw_parse": "off [fixed]", 
                "scatter_gather": "on", 
                "tcp_segmentation_offload": "on", 
                "tx_checksum_fcoe_crc": "off [fixed]", 
                "tx_checksum_ip_generic": "on", 
                "tx_checksum_ipv4": "off [fixed]", 
                "tx_checksum_ipv6": "off [fixed]", 
                "tx_checksum_sctp": "off [fixed]", 
                "tx_checksumming": "on", 
                "tx_fcoe_segmentation": "off [fixed]", 
                "tx_gre_csum_segmentation": "off [fixed]", 
                "tx_gre_segmentation": "off [fixed]", 
                "tx_gso_partial": "off [fixed]", 
                "tx_gso_robust": "off [fixed]", 
                "tx_ipip_segmentation": "off [fixed]", 
                "tx_lockless": "off [fixed]", 
                "tx_nocache_copy": "off", 
                "tx_scatter_gather": "on", 
                "tx_scatter_gather_fraglist": "off [fixed]", 
                "tx_sctp_segmentation": "off [fixed]", 
                "tx_sit_segmentation": "off [fixed]", 
                "tx_tcp6_segmentation": "on", 
                "tx_tcp_ecn_segmentation": "off [fixed]", 
                "tx_tcp_mangleid_segmentation": "off", 
                "tx_tcp_segmentation": "on", 
                "tx_udp_tnl_csum_segmentation": "off [fixed]", 
                "tx_udp_tnl_segmentation": "off [fixed]", 
                "tx_vlan_offload": "on", 
                "tx_vlan_stag_hw_insert": "off [fixed]", 
                "udp_fragmentation_offload": "off [fixed]", 
                "vlan_challenged": "off [fixed]"
            }, 
            "hw_timestamp_filters": [], 
            "ipv4": {
                "address": "192.168.2.192", 
                "broadcast": "192.168.2.255", 
                "netmask": "255.255.255.0", 
                "network": "192.168.2.0"
            }, 
            "ipv6": [
                {
                    "address": "fe80::25ea:46cd:3fff:cbb", 
                    "prefix": "64", 
                    "scope": "link"
                }
            ], 
            "macaddress": "00:0c:29:ad:1a:25", 
            "module": "vmxnet3", 
            "mtu": 1500, 
            "pciid": "0000:0b:00.0", 
            "promisc": false, 
            "speed": 10000, 
            "timestamping": [
                "rx_software", 
                "software"
            ], 
            "type": "ether"
        }, 
        "ansible_env": {
            "HOME": "/home/devops", 
            "LANG": "C", 
            "LC_ALL": "C", 
            "LC_NUMERIC": "C", 
            "LESSOPEN": "||/usr/bin/lesspipe.sh %s", 
            "LOGNAME": "devops", 
            "LS_COLORS": "rs=0:di=01;34:ln=01;36:mh=00:pi=40;33:so=01;35:do=01;35:bd=40;33;01:cd=40;33;01:or=40;31;01:mi=01;05;37;41:su=37;41:sg=30;43:ca=30;41:tw=30;42:ow=34;42:st=37;44:ex=01;32:*.tar=01;31:*.tgz=01;31:*.arc=01;31:*.arj=01;31:*.taz=01;31:*.lha=01;31:*.lz4=01;31:*.lzh=01;31:*.lzma=01;31:*.tlz=01;31:*.txz=01;31:*.tzo=01;31:*.t7z=01;31:*.zip=01;31:*.z=01;31:*.Z=01;31:*.dz=01;31:*.gz=01;31:*.lrz=01;31:*.lz=01;31:*.lzo=01;31:*.xz=01;31:*.bz2=01;31:*.bz=01;31:*.tbz=01;31:*.tbz2=01;31:*.tz=01;31:*.deb=01;31:*.rpm=01;31:*.jar=01;31:*.war=01;31:*.ear=01;31:*.sar=01;31:*.rar=01;31:*.alz=01;31:*.ace=01;31:*.zoo=01;31:*.cpio=01;31:*.7z=01;31:*.rz=01;31:*.cab=01;31:*.jpg=01;35:*.jpeg=01;35:*.gif=01;35:*.bmp=01;35:*.pbm=01;35:*.pgm=01;35:*.ppm=01;35:*.tga=01;35:*.xbm=01;35:*.xpm=01;35:*.tif=01;35:*.tiff=01;35:*.png=01;35:*.svg=01;35:*.svgz=01;35:*.mng=01;35:*.pcx=01;35:*.mov=01;35:*.mpg=01;35:*.mpeg=01;35:*.m2v=01;35:*.mkv=01;35:*.webm=01;35:*.ogm=01;35:*.mp4=01;35:*.m4v=01;35:*.mp4v=01;35:*.vob=01;35:*.qt=01;35:*.nuv=01;35:*.wmv=01;35:*.asf=01;35:*.rm=01;35:*.rmvb=01;35:*.flc=01;35:*.avi=01;35:*.fli=01;35:*.flv=01;35:*.gl=01;35:*.dl=01;35:*.xcf=01;35:*.xwd=01;35:*.yuv=01;35:*.cgm=01;35:*.emf=01;35:*.axv=01;35:*.anx=01;35:*.ogv=01;35:*.ogx=01;35:*.aac=01;36:*.au=01;36:*.flac=01;36:*.mid=01;36:*.midi=01;36:*.mka=01;36:*.mp3=01;36:*.mpc=01;36:*.ogg=01;36:*.ra=01;36:*.wav=01;36:*.axa=01;36:*.oga=01;36:*.spx=01;36:*.xspf=01;36:", 
            "MAIL": "/var/mail/devops", 
            "PATH": "/usr/local/bin:/usr/bin", 
            "PWD": "/home/devops", 
            "SELINUX_LEVEL_REQUESTED": "", 
            "SELINUX_ROLE_REQUESTED": "", 
            "SELINUX_USE_CURRENT_RANGE": "", 
            "SHELL": "/bin/bash", 
            "SHLVL": "2", 
            "SSH_CLIENT": "192.168.2.191 44062 22", 
            "SSH_CONNECTION": "192.168.2.191 44062 192.168.2.192 22", 
            "SSH_TTY": "/dev/pts/0", 
            "TERM": "vt100", 
            "USER": "devops", 
            "XDG_RUNTIME_DIR": "/run/user/4002", 
            "XDG_SESSION_ID": "8224", 
            "_": "/usr/bin/python"
        }, 
        "ansible_fibre_channel_wwn": [], 
        "ansible_fips": false, 
        "ansible_form_factor": "Other", 
        "ansible_fqdn": "ansible-client1.telnetinfo.ca", 
        "ansible_hostname": "ansible-client1", 
        "ansible_hostnqn": "", 
        "ansible_interfaces": [
            "lo", 
            "ens192"
        ], 
        "ansible_is_chroot": true, 
        "ansible_iscsi_iqn": "", 
        "ansible_kernel": "3.10.0-1062.el7.x86_64", 
        "ansible_kernel_version": "#1 SMP Wed Aug 7 18:08:02 UTC 2019", 
        "ansible_lo": {
            "active": true, 
            "device": "lo", 
            "features": {
                "busy_poll": "off [fixed]", 
                "fcoe_mtu": "off [fixed]", 
                "generic_receive_offload": "on", 
                "generic_segmentation_offload": "on", 
                "highdma": "on [fixed]", 
                "hw_tc_offload": "off [fixed]", 
                "l2_fwd_offload": "off [fixed]", 
                "large_receive_offload": "off [fixed]", 
                "loopback": "on [fixed]", 
                "netns_local": "on [fixed]", 
                "ntuple_filters": "off [fixed]", 
                "receive_hashing": "off [fixed]", 
                "rx_all": "off [fixed]", 
                "rx_checksumming": "on [fixed]", 
                "rx_fcs": "off [fixed]", 
                "rx_gro_hw": "off [fixed]", 
                "rx_udp_tunnel_port_offload": "off [fixed]", 
                "rx_vlan_filter": "off [fixed]", 
                "rx_vlan_offload": "off [fixed]", 
                "rx_vlan_stag_filter": "off [fixed]", 
                "rx_vlan_stag_hw_parse": "off [fixed]", 
                "scatter_gather": "on", 
                "tcp_segmentation_offload": "on", 
                "tx_checksum_fcoe_crc": "off [fixed]", 
                "tx_checksum_ip_generic": "on [fixed]", 
                "tx_checksum_ipv4": "off [fixed]", 
                "tx_checksum_ipv6": "off [fixed]", 
                "tx_checksum_sctp": "on [fixed]", 
                "tx_checksumming": "on", 
                "tx_fcoe_segmentation": "off [fixed]", 
                "tx_gre_csum_segmentation": "off [fixed]", 
                "tx_gre_segmentation": "off [fixed]", 
                "tx_gso_partial": "off [fixed]", 
                "tx_gso_robust": "off [fixed]", 
                "tx_ipip_segmentation": "off [fixed]", 
                "tx_lockless": "on [fixed]", 
                "tx_nocache_copy": "off [fixed]", 
                "tx_scatter_gather": "on [fixed]", 
                "tx_scatter_gather_fraglist": "on [fixed]", 
                "tx_sctp_segmentation": "on", 
                "tx_sit_segmentation": "off [fixed]", 
                "tx_tcp6_segmentation": "on", 
                "tx_tcp_ecn_segmentation": "on", 
                "tx_tcp_mangleid_segmentation": "on", 
                "tx_tcp_segmentation": "on", 
                "tx_udp_tnl_csum_segmentation": "off [fixed]", 
                "tx_udp_tnl_segmentation": "off [fixed]", 
                "tx_vlan_offload": "off [fixed]", 
                "tx_vlan_stag_hw_insert": "off [fixed]", 
                "udp_fragmentation_offload": "on", 
                "vlan_challenged": "on [fixed]"
            }, 
            "hw_timestamp_filters": [], 
            "ipv4": {
                "address": "127.0.0.1", 
                "broadcast": "host", 
                "netmask": "255.0.0.0", 
                "network": "127.0.0.0"
            }, 
            "ipv6": [
                {
                    "address": "::1", 
                    "prefix": "128", 
                    "scope": "host"
                }
            ], 
            "mtu": 65536, 
            "promisc": false, 
            "timestamping": [
                "rx_software", 
                "software"
            ], 
            "type": "loopback"
        }, 
        "ansible_local": {}, 
        "ansible_lsb": {}, 
        "ansible_machine": "x86_64", 
        "ansible_machine_id": "b610f0ad7f5c4529b50ce84a627cde85", 
        "ansible_memfree_mb": 1056, 
        "ansible_memory_mb": {
            "nocache": {
                "free": 1559, 
                "used": 279
            }, 
            "real": {
                "free": 1056, 
                "total": 1838, 
                "used": 782
            }, 
            "swap": {
                "cached": 0, 
                "free": 1639, 
                "total": 1639, 
                "used": 0
            }
        }, 
        "ansible_memtotal_mb": 1838, 
        "ansible_mounts": [
            {
                "block_available": 220705, 
                "block_size": 4096, 
                "block_total": 259584, 
                "block_used": 38879, 
                "device": "/dev/sda1", 
                "fstype": "xfs", 
                "inode_available": 523961, 
                "inode_total": 524288, 
                "inode_used": 327, 
                "mount": "/boot", 
                "options": "rw,seclabel,relatime,attr2,inode64,noquota", 
                "size_available": 904007680, 
                "size_total": 1063256064, 
                "uuid": "10a8386c-6fd2-4303-936c-8c55f1a6bd73"
            }, 
            {
                "block_available": 3118133, 
                "block_size": 4096, 
                "block_total": 3508736, 
                "block_used": 390603, 
                "device": "/dev/mapper/centos-root", 
                "fstype": "xfs", 
                "inode_available": 6980971, 
                "inode_total": 7022592, 
                "inode_used": 41621, 
                "mount": "/", 
                "options": "rw,seclabel,relatime,attr2,inode64,noquota", 
                "size_available": 12771872768, 
                "size_total": 14371782656, 
                "uuid": "9364ceee-fb97-4ab5-8e6c-458039cf7e19"
            }
        ], 
        "ansible_nodename": "ansible-client1", 
        "ansible_os_family": "RedHat", 
        "ansible_pkg_mgr": "yum", 
        "ansible_proc_cmdline": {
            "BOOT_IMAGE": "/vmlinuz-3.10.0-1062.el7.x86_64", 
            "LANG": "en_US.UTF-8", 
            "crashkernel": "auto", 
            "quiet": true, 
            "rd.lvm.lv": [
                "centos/root", 
                "centos/swap"
            ], 
            "rhgb": true, 
            "ro": true, 
            "root": "/dev/mapper/centos-root"
        }, 
        "ansible_processor": [
            "0", 
            "GenuineIntel", 
            "Intel(R) Xeon(R) CPU           L5520  @ 2.27GHz", 
            "1", 
            "GenuineIntel", 
            "Intel(R) Xeon(R) CPU           L5520  @ 2.27GHz"
        ], 
        "ansible_processor_cores": 1, 
        "ansible_processor_count": 2, 
        "ansible_processor_threads_per_core": 1, 
        "ansible_processor_vcpus": 2, 
        "ansible_product_name": "VMware Virtual Platform", 
        "ansible_product_serial": "NA", 
        "ansible_product_uuid": "NA", 
        "ansible_product_version": "None", 
        "ansible_python": {
            "executable": "/usr/bin/python", 
            "has_sslcontext": true, 
            "type": "CPython", 
            "version": {
                "major": 2, 
                "micro": 5, 
                "minor": 7, 
                "releaselevel": "final", 
                "serial": 0
            }, 
            "version_info": [
                2, 
                7, 
                5, 
                "final", 
                0
            ]
        }, 
        "ansible_python_version": "2.7.5", 
        "ansible_real_group_id": 4002, 
        "ansible_real_user_id": 4002, 
        "ansible_selinux": {
            "config_mode": "enforcing", 
            "mode": "enforcing", 
            "policyvers": 31, 
            "status": "enabled", 
            "type": "targeted"
        }, 
        "ansible_selinux_python_present": true, 
        "ansible_service_mgr": "systemd", 
        "ansible_ssh_host_key_ecdsa_public": "AAAAE2VjZHNhLXNoYTItbmlzdHAyNTYAAAAIbmlzdHAyNTYAAABBBGpBJhI/Xt0e+GPNWnxmNQqus7RbxAoxG2PiErAXugj/x5qFPIf7ZPUIOVCycxsUbpihY9q8DfM2xEgGu/FO5pc=", 
        "ansible_ssh_host_key_ed25519_public": "AAAAC3NzaC1lZDI1NTE5AAAAIHL8+VPZRTzhj9uPCbvfrtqPO2i5qRgQDeoizRb6yr0T", 
        "ansible_ssh_host_key_rsa_public": "AAAAB3NzaC1yc2EAAAADAQABAAABAQDLHuImI1LqO1cUPex1WSEYBBak9iqVC7Ms4RM4JSuxnRCC8oZSoR5aj1DpfgeuffKYtXFkyyH4kOy3XBJ12BgTj1hwVYWX7unL3aQOot+Lcm6jnfM2vs+uC95xTFaaKA5YnrBk+XVSGJmjLtTYEFKRzX4wR1rSQEpaTgXyqrwHzlqMEQch3UlZJeatTOgpvewjyzsd/hPYwhavsTXDIUR+u+DGAZ8DFqWATg3HVAHQBuDgzqrLlyIjHFE+L6NpXZppm6proesS3RCsD2Q02WrHPfJUqFcukI/a5o/cwA0DIerFfrJn2JVhEwYlTLPjh9ceA8u9vWcM+njZFosIY1en", 
        "ansible_swapfree_mb": 1639, 
        "ansible_swaptotal_mb": 1639, 
        "ansible_system": "Linux", 
        "ansible_system_capabilities": [
            ""
        ], 
        "ansible_system_capabilities_enforced": "True", 
        "ansible_system_vendor": "VMware, Inc.", 
        "ansible_uptime_seconds": 4151681, 
        "ansible_user_dir": "/home/devops", 
        "ansible_user_gecos": "", 
        "ansible_user_gid": 4002, 
        "ansible_user_id": "devops", 
        "ansible_user_shell": "/bin/bash", 
        "ansible_user_uid": 4002, 
        "ansible_userspace_architecture": "x86_64", 
        "ansible_userspace_bits": "64", 
        "ansible_virtualization_role": "guest", 
        "ansible_virtualization_type": "VMware", 
        "discovered_interpreter_python": "/usr/bin/python", 
        "gather_subset": [
            "all"
        ], 
        "module_setup": true
    }, 
    "changed": false
}
